2019-08-06 12:44:15,571 ERROR 32044 [-/127.0.0.1/-/10ms GET /] nodejs.Error: Please set config.keys first
    at Application.get keys [as keys] (E:\front-end\demo\egg\node_modules\egg\lib\application.js:266:15)
    at Object.get cookies [as cookies] (E:\front-end\demo\egg\node_modules\egg\app\extend\context.js:22:66)
    at Object.get [egg-security#CSRF_SECRET] (E:\front-end\demo\egg\node_modules\egg-security\app\extend\context.js:86:33)
    at Object.ensureCsrfSecret (E:\front-end\demo\egg\node_modules\egg-security\app\extend\context.js:97:13)
    at csrf (E:\front-end\demo\egg\node_modules\egg-security\lib\middlewares\csrf.js:14:9)
    at dispatch (E:\front-end\demo\egg\node_modules\egg-security\node_modules\koa-compose\index.js:42:32)
    at E:\front-end\demo\egg\node_modules\egg-security\node_modules\koa-compose\index.js:34:12
    at dispatch (E:\front-end\demo\egg\node_modules\koa\node_modules\koa-compose\index.js:42:32)
    at session (E:\front-end\demo\egg\node_modules\koa-session\index.js:41:13)
    at dispatch (E:\front-end\demo\egg\node_modules\koa\node_modules\koa-compose\index.js:42:32)

pid: 32044
hostname: denislin-PC0

2019-08-06 12:45:42,354 ERROR 28068 [-/127.0.0.1/-/8ms GET /] nodejs.Error: Please set config.keys first
    at Application.get keys [as keys] (E:\front-end\demo\egg\node_modules\egg\lib\application.js:266:15)
    at Object.get cookies [as cookies] (E:\front-end\demo\egg\node_modules\egg\app\extend\context.js:22:66)
    at Object.get [egg-security#CSRF_SECRET] (E:\front-end\demo\egg\node_modules\egg-security\app\extend\context.js:86:33)
    at Object.ensureCsrfSecret (E:\front-end\demo\egg\node_modules\egg-security\app\extend\context.js:97:13)
    at csrf (E:\front-end\demo\egg\node_modules\egg-security\lib\middlewares\csrf.js:14:9)
    at dispatch (E:\front-end\demo\egg\node_modules\egg-security\node_modules\koa-compose\index.js:42:32)
    at E:\front-end\demo\egg\node_modules\egg-security\node_modules\koa-compose\index.js:34:12
    at dispatch (E:\front-end\demo\egg\node_modules\koa\node_modules\koa-compose\index.js:42:32)
    at session (E:\front-end\demo\egg\node_modules\koa-session\index.js:41:13)
    at dispatch (E:\front-end\demo\egg\node_modules\koa\node_modules\koa-compose\index.js:42:32)

pid: 28068
hostname: denislin-PC0

2019-08-06 12:52:26,077 ERROR 30148 [-/127.0.0.1/-/3ms GET /1] nodejs.TypeError: this.ctx.service.readFile is not a function
    at HomeController.index (E:\front-end\demo\egg\app\controller\home.js:6:48)
    at Object.callFn (E:\front-end\demo\egg\node_modules\egg-core\lib\utils\index.js:44:21)
    at Object.classControllerMiddleware (E:\front-end\demo\egg\node_modules\egg-core\lib\loader\mixin\controller.js:87:20)
    at Object.callFn (E:\front-end\demo\egg\node_modules\@eggjs\router\lib\utils.js:12:21)
    at wrappedController (E:\front-end\demo\egg\node_modules\@eggjs\router\lib\egg_router.js:322:18)
    at dispatch (E:\front-end\demo\egg\node_modules\koa-compose\index.js:44:32)
    at next (E:\front-end\demo\egg\node_modules\koa-compose\index.js:45:18)
    at E:\front-end\demo\egg\node_modules\@eggjs\router\lib\router.js:190:18
    at dispatch (E:\front-end\demo\egg\node_modules\koa-compose\index.js:44:32)
    at E:\front-end\demo\egg\node_modules\koa-compose\index.js:36:12

pid: 30148
hostname: denislin-PC0

70632019-08-10 21:14:13,071 ERROR 48868 nodejs.TypeError [ERR_INVALID_FD_TYPE]: Unsupported fd type: FILE
    at createHandle (net.js:113:9)
    at new Socket (net.js:266:20)
    at signal (E:\nvm\v10.16.0\node_modules\clinic\node_modules\0x\lib\preload\detect-port.js:17:13)
    at EventEmitter.<anonymous> (E:\nvm\v10.16.0\node_modules\clinic\node_modules\0x\lib\preload\detect-port.js:11:3)
    at EventEmitter.emit (events.js:198:13)
    at Server.<anonymous> (E:\nvm\v10.16.0\node_modules\clinic\node_modules\on-net-listen\index.js:16:25)
    at Object.onceWrapper (events.js:286:20)
    at Server.emit (events.js:203:15)
    at emitListeningNT (net.js:1313:10)
    at process._tickCallback (internal/process/next_tick.js:63:19)

pid: 48868
hostname: denislin-PC0

74822019-08-10 21:21:41,764 ERROR 39152 nodejs.TypeError [ERR_INVALID_FD_TYPE]: Unsupported fd type: FILE
    at createHandle (net.js:113:9)
    at new Socket (net.js:266:20)
    at signal (E:\nvm\v10.16.0\node_modules\clinic\node_modules\0x\lib\preload\detect-port.js:17:13)
    at EventEmitter.<anonymous> (E:\nvm\v10.16.0\node_modules\clinic\node_modules\0x\lib\preload\detect-port.js:11:3)
    at EventEmitter.emit (events.js:198:13)
    at Server.<anonymous> (E:\nvm\v10.16.0\node_modules\clinic\node_modules\on-net-listen\index.js:16:25)
    at Object.onceWrapper (events.js:286:20)
    at Server.emit (events.js:203:15)
    at emitListeningNT (net.js:1313:10)
    at process._tickCallback (internal/process/next_tick.js:63:19)

pid: 39152
hostname: denislin-PC0

75242019-08-10 21:23:38,065 ERROR 47572 nodejs.TypeError [ERR_INVALID_FD_TYPE]: Unsupported fd type: FILE
    at createHandle (net.js:113:9)
    at new Socket (net.js:266:20)
    at signal (E:\nvm\v10.16.0\node_modules\clinic\node_modules\0x\lib\preload\detect-port.js:17:13)
    at EventEmitter.<anonymous> (E:\nvm\v10.16.0\node_modules\clinic\node_modules\0x\lib\preload\detect-port.js:11:3)
    at EventEmitter.emit (events.js:198:13)
    at Server.<anonymous> (E:\nvm\v10.16.0\node_modules\clinic\node_modules\on-net-listen\index.js:16:25)
    at Object.onceWrapper (events.js:286:20)
    at Server.emit (events.js:203:15)
    at emitListeningNT (net.js:1313:10)
    at process._tickCallback (internal/process/next_tick.js:63:19)

pid: 47572
hostname: denislin-PC0

76682019-08-10 21:26:28,434 ERROR 47612 nodejs.TypeError [ERR_INVALID_FD_TYPE]: Unsupported fd type: FILE
    at createHandle (net.js:113:9)
    at new Socket (net.js:266:20)
    at signal (E:\nvm\v10.16.0\node_modules\clinic\node_modules\0x\lib\preload\detect-port.js:17:13)
    at EventEmitter.<anonymous> (E:\nvm\v10.16.0\node_modules\clinic\node_modules\0x\lib\preload\detect-port.js:11:3)
    at EventEmitter.emit (events.js:198:13)
    at Server.<anonymous> (E:\nvm\v10.16.0\node_modules\clinic\node_modules\on-net-listen\index.js:16:25)
    at Object.onceWrapper (events.js:286:20)
    at Server.emit (events.js:203:15)
    at emitListeningNT (net.js:1313:10)
    at process._tickCallback (internal/process/next_tick.js:63:19)

pid: 47612
hostname: denislin-PC0

2019-08-13 22:59:55,294 ERROR 61176 [-/127.0.0.1/-/6ms GET /] nodejs.ReferenceError: ctx is not defined
    at HomeController.index (F:\egg-koa-compared\egg\app\controller\home.js:7:9)
    at Object.callFn (F:\egg-koa-compared\egg\node_modules\egg-core\lib\utils\index.js:44:21)
    at Object.classControllerMiddleware (F:\egg-koa-compared\egg\node_modules\egg-core\lib\loader\mixin\controller.js:87:20)
    at Object.callFn (F:\egg-koa-compared\egg\node_modules\@eggjs\router\lib\utils.js:12:21)
    at wrappedController (F:\egg-koa-compared\egg\node_modules\@eggjs\router\lib\egg_router.js:322:18)
    at dispatch (F:\egg-koa-compared\egg\node_modules\koa-compose\index.js:44:32)
    at next (F:\egg-koa-compared\egg\node_modules\koa-compose\index.js:45:18)
    at F:\egg-koa-compared\egg\node_modules\@eggjs\router\lib\router.js:190:18
    at dispatch (F:\egg-koa-compared\egg\node_modules\koa-compose\index.js:44:32)
    at F:\egg-koa-compared\egg\node_modules\koa-compose\index.js:36:12

pid: 61176
hostname: denislin-PC0

2019-08-13 23:00:24,262 ERROR 60212 [-/127.0.0.1/-/8ms GET /] nodejs.ReferenceError: ctx is not defined
    at HomeController.index (F:\egg-koa-compared\egg\app\controller\home.js:7:9)
    at Object.callFn (F:\egg-koa-compared\egg\node_modules\egg-core\lib\utils\index.js:44:21)
    at Object.classControllerMiddleware (F:\egg-koa-compared\egg\node_modules\egg-core\lib\loader\mixin\controller.js:87:20)
    at Object.callFn (F:\egg-koa-compared\egg\node_modules\@eggjs\router\lib\utils.js:12:21)
    at wrappedController (F:\egg-koa-compared\egg\node_modules\@eggjs\router\lib\egg_router.js:322:18)
    at dispatch (F:\egg-koa-compared\egg\node_modules\koa-compose\index.js:44:32)
    at next (F:\egg-koa-compared\egg\node_modules\koa-compose\index.js:45:18)
    at F:\egg-koa-compared\egg\node_modules\@eggjs\router\lib\router.js:190:18
    at dispatch (F:\egg-koa-compared\egg\node_modules\koa-compose\index.js:44:32)
    at F:\egg-koa-compared\egg\node_modules\koa-compose\index.js:36:12

pid: 60212
hostname: denislin-PC0

2019-08-13 23:00:56,369 ERROR 49512 [-/127.0.0.1/-/7ms GET /] nodejs.ReferenceError: ctx is not defined
    at HomeController.index (F:\egg-koa-compared\egg\app\controller\home.js:7:9)
    at Object.callFn (F:\egg-koa-compared\egg\node_modules\egg-core\lib\utils\index.js:44:21)
    at Object.classControllerMiddleware (F:\egg-koa-compared\egg\node_modules\egg-core\lib\loader\mixin\controller.js:87:20)
    at Object.callFn (F:\egg-koa-compared\egg\node_modules\@eggjs\router\lib\utils.js:12:21)
    at wrappedController (F:\egg-koa-compared\egg\node_modules\@eggjs\router\lib\egg_router.js:322:18)
    at dispatch (F:\egg-koa-compared\egg\node_modules\koa-compose\index.js:44:32)
    at next (F:\egg-koa-compared\egg\node_modules\koa-compose\index.js:45:18)
    at F:\egg-koa-compared\egg\node_modules\@eggjs\router\lib\router.js:190:18
    at dispatch (F:\egg-koa-compared\egg\node_modules\koa-compose\index.js:44:32)
    at F:\egg-koa-compared\egg\node_modules\koa-compose\index.js:36:12

pid: 49512
hostname: denislin-PC0

2019-08-13 23:02:00,069 ERROR 62348 [-/127.0.0.1/-/9ms GET /] nodejs.AssertionError [ERR_ASSERTION]: Can't find undefined.nj from F:\egg-koa-compared\egg\app\view
    at Map.resolve (F:\egg-koa-compared\egg\node_modules\egg-view\lib\view_manager.js:74:5)
generatedMessage: false
name: "AssertionError [ERR_ASSERTION]"
code: "ERR_ASSERTION"
actual: undefined
expected: true
operator: "=="
pid: 62348
hostname: denislin-PC0

2019-08-27 21:04:11,132 ERROR 24464 [-/127.0.0.1/-/7ms GET /?size=50] nodejs.InternalServerError: Internal Server Error
    at Object.throw (F:\egg-koa-compared\egg\node_modules\koa\lib\context.js:97:11)
    at ReadService.render (F:\egg-koa-compared\egg\app\service\read.js:10:27)
    at HomeController.index (F:\egg-koa-compared\egg\app\controller\home.js:7:53)
    at Object.callFn (F:\egg-koa-compared\egg\node_modules\egg-core\lib\utils\index.js:44:21)
    at Object.classControllerMiddleware (F:\egg-koa-compared\egg\node_modules\egg-core\lib\loader\mixin\controller.js:87:20)
    at Object.callFn (F:\egg-koa-compared\egg\node_modules\@eggjs\router\lib\utils.js:12:21)
    at wrappedController (F:\egg-koa-compared\egg\node_modules\@eggjs\router\lib\egg_router.js:322:18)
    at dispatch (F:\egg-koa-compared\egg\node_modules\koa-compose\index.js:44:32)
    at next (F:\egg-koa-compared\egg\node_modules\koa-compose\index.js:45:18)
    at F:\egg-koa-compared\egg\node_modules\@eggjs\router\lib\router.js:190:18
message: "Internal Server Error"
pid: 24464
hostname: denislin-PC0

2019-08-27 21:04:19,329 ERROR 24464 [-/127.0.0.1/-/1ms GET /?size=50] nodejs.InternalServerError: Internal Server Error
    at Object.throw (F:\egg-koa-compared\egg\node_modules\koa\lib\context.js:97:11)
    at ReadService.render (F:\egg-koa-compared\egg\app\service\read.js:10:27)
    at HomeController.index (F:\egg-koa-compared\egg\app\controller\home.js:7:53)
    at Object.callFn (F:\egg-koa-compared\egg\node_modules\egg-core\lib\utils\index.js:44:21)
    at Object.classControllerMiddleware (F:\egg-koa-compared\egg\node_modules\egg-core\lib\loader\mixin\controller.js:87:20)
    at Object.callFn (F:\egg-koa-compared\egg\node_modules\@eggjs\router\lib\utils.js:12:21)
    at wrappedController (F:\egg-koa-compared\egg\node_modules\@eggjs\router\lib\egg_router.js:322:18)
    at dispatch (F:\egg-koa-compared\egg\node_modules\koa-compose\index.js:44:32)
    at next (F:\egg-koa-compared\egg\node_modules\koa-compose\index.js:45:18)
    at F:\egg-koa-compared\egg\node_modules\@eggjs\router\lib\router.js:190:18
message: "Internal Server Error"
pid: 24464
hostname: denislin-PC0

2019-08-27 21:05:07,890 ERROR 25668 [-/127.0.0.1/-/6ms GET /?size=50] nodejs.InternalServerError: Internal Server Error
    at Object.throw (F:\egg-koa-compared\egg\node_modules\koa\lib\context.js:97:11)
    at ReadService.render (F:\egg-koa-compared\egg\app\service\read.js:9:27)
    at HomeController.index (F:\egg-koa-compared\egg\app\controller\home.js:6:53)
    at Object.callFn (F:\egg-koa-compared\egg\node_modules\egg-core\lib\utils\index.js:44:21)
    at Object.classControllerMiddleware (F:\egg-koa-compared\egg\node_modules\egg-core\lib\loader\mixin\controller.js:87:20)
    at Object.callFn (F:\egg-koa-compared\egg\node_modules\@eggjs\router\lib\utils.js:12:21)
    at wrappedController (F:\egg-koa-compared\egg\node_modules\@eggjs\router\lib\egg_router.js:322:18)
    at dispatch (F:\egg-koa-compared\egg\node_modules\koa-compose\index.js:44:32)
    at next (F:\egg-koa-compared\egg\node_modules\koa-compose\index.js:45:18)
    at F:\egg-koa-compared\egg\node_modules\@eggjs\router\lib\router.js:190:18
message: "Internal Server Error"
pid: 25668
hostname: denislin-PC0

2019-08-27 21:05:30,339 ERROR 24472 [-/127.0.0.1/-/11ms GET /?size=50] nodejs.InternalServerError: Internal Server Error
    at Object.throw (F:\egg-koa-compared\egg\node_modules\koa\lib\context.js:97:11)
    at ReadService.render (F:\egg-koa-compared\egg\app\service\read.js:10:27)
    at HomeController.index (F:\egg-koa-compared\egg\app\controller\home.js:6:53)
    at Object.callFn (F:\egg-koa-compared\egg\node_modules\egg-core\lib\utils\index.js:44:21)
    at Object.classControllerMiddleware (F:\egg-koa-compared\egg\node_modules\egg-core\lib\loader\mixin\controller.js:87:20)
    at Object.callFn (F:\egg-koa-compared\egg\node_modules\@eggjs\router\lib\utils.js:12:21)
    at wrappedController (F:\egg-koa-compared\egg\node_modules\@eggjs\router\lib\egg_router.js:322:18)
    at dispatch (F:\egg-koa-compared\egg\node_modules\koa-compose\index.js:44:32)
    at next (F:\egg-koa-compared\egg\node_modules\koa-compose\index.js:45:18)
    at F:\egg-koa-compared\egg\node_modules\@eggjs\router\lib\router.js:190:18
message: "Internal Server Error"
pid: 24472
hostname: denislin-PC0

2019-08-27 21:05:57,386 ERROR 16800 [-/127.0.0.1/-/9ms GET /?size=50] nodejs.InternalServerError: Internal Server Error
    at Object.throw (F:\egg-koa-compared\egg\node_modules\koa\lib\context.js:97:11)
    at ReadService.render (F:\egg-koa-compared\egg\app\service\read.js:9:27)
    at HomeController.index (F:\egg-koa-compared\egg\app\controller\home.js:7:53)
    at Object.callFn (F:\egg-koa-compared\egg\node_modules\egg-core\lib\utils\index.js:44:21)
    at Object.classControllerMiddleware (F:\egg-koa-compared\egg\node_modules\egg-core\lib\loader\mixin\controller.js:87:20)
    at Object.callFn (F:\egg-koa-compared\egg\node_modules\@eggjs\router\lib\utils.js:12:21)
    at wrappedController (F:\egg-koa-compared\egg\node_modules\@eggjs\router\lib\egg_router.js:322:18)
    at dispatch (F:\egg-koa-compared\egg\node_modules\koa-compose\index.js:44:32)
    at next (F:\egg-koa-compared\egg\node_modules\koa-compose\index.js:45:18)
    at F:\egg-koa-compared\egg\node_modules\@eggjs\router\lib\router.js:190:18
message: "Internal Server Error"
pid: 16800
hostname: denislin-PC0

2019-08-27 21:06:19,478 ERROR 24524 [-/127.0.0.1/-/10ms GET /?size=50] nodejs.InternalServerError: Internal Server Error
    at Object.throw (F:\egg-koa-compared\egg\node_modules\koa\lib\context.js:97:11)
    at ReadService.render (F:\egg-koa-compared\egg\app\service\read.js:10:27)
    at HomeController.index (F:\egg-koa-compared\egg\app\controller\home.js:7:53)
    at Object.callFn (F:\egg-koa-compared\egg\node_modules\egg-core\lib\utils\index.js:44:21)
    at Object.classControllerMiddleware (F:\egg-koa-compared\egg\node_modules\egg-core\lib\loader\mixin\controller.js:87:20)
    at Object.callFn (F:\egg-koa-compared\egg\node_modules\@eggjs\router\lib\utils.js:12:21)
    at wrappedController (F:\egg-koa-compared\egg\node_modules\@eggjs\router\lib\egg_router.js:322:18)
    at dispatch (F:\egg-koa-compared\egg\node_modules\koa-compose\index.js:44:32)
    at next (F:\egg-koa-compared\egg\node_modules\koa-compose\index.js:45:18)
    at F:\egg-koa-compared\egg\node_modules\@eggjs\router\lib\router.js:190:18
message: "Internal Server Error"
pid: 24524
hostname: denislin-PC0

2019-08-27 21:06:28,131 ERROR 25576 [-/127.0.0.1/-/13ms GET /?size=50] nodejs.InternalServerError: Internal Server Error
    at Object.throw (F:\egg-koa-compared\egg\node_modules\koa\lib\context.js:97:11)
    at ReadService.render (F:\egg-koa-compared\egg\app\service\read.js:10:27)
    at HomeController.index (F:\egg-koa-compared\egg\app\controller\home.js:6:53)
    at Object.callFn (F:\egg-koa-compared\egg\node_modules\egg-core\lib\utils\index.js:44:21)
    at Object.classControllerMiddleware (F:\egg-koa-compared\egg\node_modules\egg-core\lib\loader\mixin\controller.js:87:20)
    at Object.callFn (F:\egg-koa-compared\egg\node_modules\@eggjs\router\lib\utils.js:12:21)
    at wrappedController (F:\egg-koa-compared\egg\node_modules\@eggjs\router\lib\egg_router.js:322:18)
    at dispatch (F:\egg-koa-compared\egg\node_modules\koa-compose\index.js:44:32)
    at next (F:\egg-koa-compared\egg\node_modules\koa-compose\index.js:45:18)
    at F:\egg-koa-compared\egg\node_modules\@eggjs\router\lib\router.js:190:18
message: "Internal Server Error"
pid: 25576
hostname: denislin-PC0

2019-08-27 21:07:41,269 ERROR 25576 [-/127.0.0.1/-/2ms GET /?size=50] nodejs.InternalServerError: Internal Server Error
    at Object.throw (F:\egg-koa-compared\egg\node_modules\koa\lib\context.js:97:11)
    at ReadService.render (F:\egg-koa-compared\egg\app\service\read.js:10:27)
    at HomeController.index (F:\egg-koa-compared\egg\app\controller\home.js:6:53)
    at Object.callFn (F:\egg-koa-compared\egg\node_modules\egg-core\lib\utils\index.js:44:21)
    at Object.classControllerMiddleware (F:\egg-koa-compared\egg\node_modules\egg-core\lib\loader\mixin\controller.js:87:20)
    at Object.callFn (F:\egg-koa-compared\egg\node_modules\@eggjs\router\lib\utils.js:12:21)
    at wrappedController (F:\egg-koa-compared\egg\node_modules\@eggjs\router\lib\egg_router.js:322:18)
    at dispatch (F:\egg-koa-compared\egg\node_modules\koa-compose\index.js:44:32)
    at next (F:\egg-koa-compared\egg\node_modules\koa-compose\index.js:45:18)
    at F:\egg-koa-compared\egg\node_modules\@eggjs\router\lib\router.js:190:18
message: "Internal Server Error"
pid: 25576
hostname: denislin-PC0

2019-08-27 21:08:15,394 ERROR 23432 [-/127.0.0.1/-/55ms GET /?size=50] nodejs.InternalServerError: Internal Server Error
    at Object.throw (F:\egg-koa-compared\egg\node_modules\koa\lib\context.js:97:11)
    at ReadService.render (F:\egg-koa-compared\egg\app\service\read.js:10:27)
    at HomeController.index (F:\egg-koa-compared\egg\app\controller\home.js:6:53)
    at Object.callFn (F:\egg-koa-compared\egg\node_modules\egg-core\lib\utils\index.js:44:21)
    at Object.classControllerMiddleware (F:\egg-koa-compared\egg\node_modules\egg-core\lib\loader\mixin\controller.js:87:20)
    at Object.callFn (F:\egg-koa-compared\egg\node_modules\@eggjs\router\lib\utils.js:12:21)
    at wrappedController (F:\egg-koa-compared\egg\node_modules\@eggjs\router\lib\egg_router.js:322:18)
    at dispatch (F:\egg-koa-compared\egg\node_modules\koa-compose\index.js:44:32)
    at next (F:\egg-koa-compared\egg\node_modules\koa-compose\index.js:45:18)
    at F:\egg-koa-compared\egg\node_modules\@eggjs\router\lib\router.js:190:18
message: "Internal Server Error"
pid: 23432
hostname: denislin-PC0

2019-08-27 21:09:08,422 ERROR 4064 [-/127.0.0.1/-/7ms GET /?size=50] nodejs.InternalServerError: Internal Server Error
    at Object.throw (F:\egg-koa-compared\egg\node_modules\koa\lib\context.js:97:11)
    at ReadService.render (F:\egg-koa-compared\egg\app\service\read.js:10:27)
    at HomeController.index (F:\egg-koa-compared\egg\app\controller\home.js:6:53)
    at Object.callFn (F:\egg-koa-compared\egg\node_modules\egg-core\lib\utils\index.js:44:21)
    at Object.classControllerMiddleware (F:\egg-koa-compared\egg\node_modules\egg-core\lib\loader\mixin\controller.js:87:20)
    at Object.callFn (F:\egg-koa-compared\egg\node_modules\@eggjs\router\lib\utils.js:12:21)
    at wrappedController (F:\egg-koa-compared\egg\node_modules\@eggjs\router\lib\egg_router.js:322:18)
    at dispatch (F:\egg-koa-compared\egg\node_modules\koa-compose\index.js:44:32)
    at next (F:\egg-koa-compared\egg\node_modules\koa-compose\index.js:45:18)
    at F:\egg-koa-compared\egg\node_modules\@eggjs\router\lib\router.js:190:18
message: "Internal Server Error"
pid: 4064
hostname: denislin-PC0

2019-08-27 21:09:16,425 ERROR 9956 [-/127.0.0.1/-/8ms GET /?size=50] nodejs.InternalServerError: Internal Server Error
    at Object.throw (F:\egg-koa-compared\egg\node_modules\koa\lib\context.js:97:11)
    at ReadService.render (F:\egg-koa-compared\egg\app\service\read.js:10:27)
    at HomeController.index (F:\egg-koa-compared\egg\app\controller\home.js:6:53)
    at Object.callFn (F:\egg-koa-compared\egg\node_modules\egg-core\lib\utils\index.js:44:21)
    at Object.classControllerMiddleware (F:\egg-koa-compared\egg\node_modules\egg-core\lib\loader\mixin\controller.js:87:20)
    at Object.callFn (F:\egg-koa-compared\egg\node_modules\@eggjs\router\lib\utils.js:12:21)
    at wrappedController (F:\egg-koa-compared\egg\node_modules\@eggjs\router\lib\egg_router.js:322:18)
    at dispatch (F:\egg-koa-compared\egg\node_modules\koa-compose\index.js:44:32)
    at next (F:\egg-koa-compared\egg\node_modules\koa-compose\index.js:45:18)
    at F:\egg-koa-compared\egg\node_modules\@eggjs\router\lib\router.js:190:18
message: "Internal Server Error"
pid: 9956
hostname: denislin-PC0

2019-08-27 21:10:19,862 ERROR 4412 [-/127.0.0.1/-/10ms GET /?size=50] nodejs.InternalServerError: Internal Server Error
    at Object.throw (F:\egg-koa-compared\egg\node_modules\koa\lib\context.js:97:11)
    at ReadService.render (F:\egg-koa-compared\egg\app\service\read.js:10:27)
    at HomeController.index (F:\egg-koa-compared\egg\app\controller\home.js:6:53)
    at Object.callFn (F:\egg-koa-compared\egg\node_modules\egg-core\lib\utils\index.js:44:21)
    at Object.classControllerMiddleware (F:\egg-koa-compared\egg\node_modules\egg-core\lib\loader\mixin\controller.js:87:20)
    at Object.callFn (F:\egg-koa-compared\egg\node_modules\@eggjs\router\lib\utils.js:12:21)
    at wrappedController (F:\egg-koa-compared\egg\node_modules\@eggjs\router\lib\egg_router.js:322:18)
    at dispatch (F:\egg-koa-compared\egg\node_modules\koa-compose\index.js:44:32)
    at next (F:\egg-koa-compared\egg\node_modules\koa-compose\index.js:45:18)
    at F:\egg-koa-compared\egg\node_modules\@eggjs\router\lib\router.js:190:18
message: "Internal Server Error"
pid: 4412
hostname: denislin-PC0

2019-08-27 21:11:39,772 ERROR 25680 [-/127.0.0.1/-/6ms GET /?size=50] nodejs.InternalServerError: Internal Server Error
    at Object.throw (F:\egg-koa-compared\egg\node_modules\koa\lib\context.js:97:11)
    at ReadService.render (F:\egg-koa-compared\egg\app\service\read.js:10:27)
    at HomeController.index (F:\egg-koa-compared\egg\app\controller\home.js:6:53)
    at Object.callFn (F:\egg-koa-compared\egg\node_modules\egg-core\lib\utils\index.js:44:21)
    at Object.classControllerMiddleware (F:\egg-koa-compared\egg\node_modules\egg-core\lib\loader\mixin\controller.js:87:20)
    at Object.callFn (F:\egg-koa-compared\egg\node_modules\@eggjs\router\lib\utils.js:12:21)
    at wrappedController (F:\egg-koa-compared\egg\node_modules\@eggjs\router\lib\egg_router.js:322:18)
    at dispatch (F:\egg-koa-compared\egg\node_modules\koa-compose\index.js:44:32)
    at next (F:\egg-koa-compared\egg\node_modules\koa-compose\index.js:45:18)
    at F:\egg-koa-compared\egg\node_modules\@eggjs\router\lib\router.js:190:18
message: "Internal Server Error"
pid: 25680
hostname: denislin-PC0

2019-08-27 21:12:02,498 ERROR 26604 [-/127.0.0.1/-/8ms GET /?size=50] nodejs.InternalServerError: Internal Server Error
    at Object.throw (F:\egg-koa-compared\egg\node_modules\koa\lib\context.js:97:11)
    at ReadService.render (F:\egg-koa-compared\egg\app\service\read.js:10:27)
    at HomeController.index (F:\egg-koa-compared\egg\app\controller\home.js:6:53)
    at Object.callFn (F:\egg-koa-compared\egg\node_modules\egg-core\lib\utils\index.js:44:21)
    at Object.classControllerMiddleware (F:\egg-koa-compared\egg\node_modules\egg-core\lib\loader\mixin\controller.js:87:20)
    at Object.callFn (F:\egg-koa-compared\egg\node_modules\@eggjs\router\lib\utils.js:12:21)
    at wrappedController (F:\egg-koa-compared\egg\node_modules\@eggjs\router\lib\egg_router.js:322:18)
    at dispatch (F:\egg-koa-compared\egg\node_modules\koa-compose\index.js:44:32)
    at next (F:\egg-koa-compared\egg\node_modules\koa-compose\index.js:45:18)
    at F:\egg-koa-compared\egg\node_modules\@eggjs\router\lib\router.js:190:18
message: "Internal Server Error"
pid: 26604
hostname: denislin-PC0

2019-08-27 21:12:10,130 ERROR 25012 [-/127.0.0.1/-/9ms GET /?size=50] nodejs.InternalServerError: Internal Server Error
    at Object.throw (F:\egg-koa-compared\egg\node_modules\koa\lib\context.js:97:11)
    at ReadService.render (F:\egg-koa-compared\egg\app\service\read.js:10:27)
    at HomeController.index (F:\egg-koa-compared\egg\app\controller\home.js:6:53)
    at Object.callFn (F:\egg-koa-compared\egg\node_modules\egg-core\lib\utils\index.js:44:21)
    at Object.classControllerMiddleware (F:\egg-koa-compared\egg\node_modules\egg-core\lib\loader\mixin\controller.js:87:20)
    at Object.callFn (F:\egg-koa-compared\egg\node_modules\@eggjs\router\lib\utils.js:12:21)
    at wrappedController (F:\egg-koa-compared\egg\node_modules\@eggjs\router\lib\egg_router.js:322:18)
    at dispatch (F:\egg-koa-compared\egg\node_modules\koa-compose\index.js:44:32)
    at next (F:\egg-koa-compared\egg\node_modules\koa-compose\index.js:45:18)
    at F:\egg-koa-compared\egg\node_modules\@eggjs\router\lib\router.js:190:18
message: "Internal Server Error"
pid: 25012
hostname: denislin-PC0

2019-08-27 21:13:34,054 ERROR 25532 [-/127.0.0.1/-/7ms GET /?size=50] nodejs.InternalServerError: Internal Server Error
    at Object.throw (F:\egg-koa-compared\egg\node_modules\koa\lib\context.js:97:11)
    at ReadService.render (F:\egg-koa-compared\egg\app\service\read.js:12:27)
    at HomeController.index (F:\egg-koa-compared\egg\app\controller\home.js:6:53)
    at Object.callFn (F:\egg-koa-compared\egg\node_modules\egg-core\lib\utils\index.js:44:21)
    at Object.classControllerMiddleware (F:\egg-koa-compared\egg\node_modules\egg-core\lib\loader\mixin\controller.js:87:20)
    at Object.callFn (F:\egg-koa-compared\egg\node_modules\@eggjs\router\lib\utils.js:12:21)
    at wrappedController (F:\egg-koa-compared\egg\node_modules\@eggjs\router\lib\egg_router.js:322:18)
    at dispatch (F:\egg-koa-compared\egg\node_modules\koa-compose\index.js:44:32)
    at next (F:\egg-koa-compared\egg\node_modules\koa-compose\index.js:45:18)
    at F:\egg-koa-compared\egg\node_modules\@eggjs\router\lib\router.js:190:18
message: "Internal Server Error"
pid: 25532
hostname: denislin-PC0

2019-08-27 21:13:52,709 ERROR 24172 [-/127.0.0.1/-/10ms GET /?size=50] nodejs.InternalServerError: Internal Server Error
    at Object.throw (F:\egg-koa-compared\egg\node_modules\koa\lib\context.js:97:11)
    at ReadService.render (F:\egg-koa-compared\egg\app\service\read.js:12:27)
    at HomeController.index (F:\egg-koa-compared\egg\app\controller\home.js:6:53)
    at Object.callFn (F:\egg-koa-compared\egg\node_modules\egg-core\lib\utils\index.js:44:21)
    at Object.classControllerMiddleware (F:\egg-koa-compared\egg\node_modules\egg-core\lib\loader\mixin\controller.js:87:20)
    at Object.callFn (F:\egg-koa-compared\egg\node_modules\@eggjs\router\lib\utils.js:12:21)
    at wrappedController (F:\egg-koa-compared\egg\node_modules\@eggjs\router\lib\egg_router.js:322:18)
    at dispatch (F:\egg-koa-compared\egg\node_modules\koa-compose\index.js:44:32)
    at next (F:\egg-koa-compared\egg\node_modules\koa-compose\index.js:45:18)
    at F:\egg-koa-compared\egg\node_modules\@eggjs\router\lib\router.js:190:18
message: "Internal Server Error"
pid: 24172
hostname: denislin-PC0

2019-08-27 21:13:57,074 ERROR 25572 [-/127.0.0.1/-/7ms GET /?size=50] nodejs.InternalServerError: Internal Server Error
    at Object.throw (F:\egg-koa-compared\egg\node_modules\koa\lib\context.js:97:11)
    at ReadService.render (F:\egg-koa-compared\egg\app\service\read.js:12:27)
    at HomeController.index (F:\egg-koa-compared\egg\app\controller\home.js:6:53)
    at Object.callFn (F:\egg-koa-compared\egg\node_modules\egg-core\lib\utils\index.js:44:21)
    at Object.classControllerMiddleware (F:\egg-koa-compared\egg\node_modules\egg-core\lib\loader\mixin\controller.js:87:20)
    at Object.callFn (F:\egg-koa-compared\egg\node_modules\@eggjs\router\lib\utils.js:12:21)
    at wrappedController (F:\egg-koa-compared\egg\node_modules\@eggjs\router\lib\egg_router.js:322:18)
    at dispatch (F:\egg-koa-compared\egg\node_modules\koa-compose\index.js:44:32)
    at next (F:\egg-koa-compared\egg\node_modules\koa-compose\index.js:45:18)
    at F:\egg-koa-compared\egg\node_modules\@eggjs\router\lib\router.js:190:18
message: "Internal Server Error"
pid: 25572
hostname: denislin-PC0

2019-08-27 21:15:01,415 ERROR 11520 [-/127.0.0.1/-/6ms GET /?size=50] nodejs.InternalServerError: Internal Server Error
    at Object.throw (F:\egg-koa-compared\egg\node_modules\koa\lib\context.js:97:11)
    at ReadService.render (F:\egg-koa-compared\egg\app\service\read.js:12:27)
    at HomeController.index (F:\egg-koa-compared\egg\app\controller\home.js:6:53)
    at Object.callFn (F:\egg-koa-compared\egg\node_modules\egg-core\lib\utils\index.js:44:21)
    at Object.classControllerMiddleware (F:\egg-koa-compared\egg\node_modules\egg-core\lib\loader\mixin\controller.js:87:20)
    at Object.callFn (F:\egg-koa-compared\egg\node_modules\@eggjs\router\lib\utils.js:12:21)
    at wrappedController (F:\egg-koa-compared\egg\node_modules\@eggjs\router\lib\egg_router.js:322:18)
    at dispatch (F:\egg-koa-compared\egg\node_modules\koa-compose\index.js:44:32)
    at next (F:\egg-koa-compared\egg\node_modules\koa-compose\index.js:45:18)
    at F:\egg-koa-compared\egg\node_modules\@eggjs\router\lib\router.js:190:18
message: "Internal Server Error"
pid: 11520
hostname: denislin-PC0

2019-08-27 21:15:41,909 ERROR 1916 [-/127.0.0.1/-/9ms GET /?size=50] nodejs.InternalServerError: Internal Server Error
    at Object.throw (F:\egg-koa-compared\egg\node_modules\koa\lib\context.js:97:11)
    at ReadService.render (F:\egg-koa-compared\egg\app\service\read.js:12:27)
    at HomeController.index (F:\egg-koa-compared\egg\app\controller\home.js:6:53)
    at Object.callFn (F:\egg-koa-compared\egg\node_modules\egg-core\lib\utils\index.js:44:21)
    at Object.classControllerMiddleware (F:\egg-koa-compared\egg\node_modules\egg-core\lib\loader\mixin\controller.js:87:20)
    at Object.callFn (F:\egg-koa-compared\egg\node_modules\@eggjs\router\lib\utils.js:12:21)
    at wrappedController (F:\egg-koa-compared\egg\node_modules\@eggjs\router\lib\egg_router.js:322:18)
    at dispatch (F:\egg-koa-compared\egg\node_modules\koa-compose\index.js:44:32)
    at next (F:\egg-koa-compared\egg\node_modules\koa-compose\index.js:45:18)
    at F:\egg-koa-compared\egg\node_modules\@eggjs\router\lib\router.js:190:18
message: "Internal Server Error"
pid: 1916
hostname: denislin-PC0

2019-08-27 21:16:19,506 ERROR 16428 [-/127.0.0.1/-/8ms GET /?size=50] nodejs.InternalServerError: Internal Server Error
    at Object.throw (F:\egg-koa-compared\egg\node_modules\koa\lib\context.js:97:11)
    at ReadService.render (F:\egg-koa-compared\egg\app\service\read.js:12:27)
    at HomeController.index (F:\egg-koa-compared\egg\app\controller\home.js:6:53)
    at Object.callFn (F:\egg-koa-compared\egg\node_modules\egg-core\lib\utils\index.js:44:21)
    at Object.classControllerMiddleware (F:\egg-koa-compared\egg\node_modules\egg-core\lib\loader\mixin\controller.js:87:20)
    at Object.callFn (F:\egg-koa-compared\egg\node_modules\@eggjs\router\lib\utils.js:12:21)
    at wrappedController (F:\egg-koa-compared\egg\node_modules\@eggjs\router\lib\egg_router.js:322:18)
    at dispatch (F:\egg-koa-compared\egg\node_modules\koa-compose\index.js:44:32)
    at next (F:\egg-koa-compared\egg\node_modules\koa-compose\index.js:45:18)
    at F:\egg-koa-compared\egg\node_modules\@eggjs\router\lib\router.js:190:18
message: "Internal Server Error"
pid: 16428
hostname: denislin-PC0

2019-08-27 21:19:41,295 ERROR 26364 [-/127.0.0.1/-/8ms GET /?size=50] nodejs.InternalServerError: Internal Server Error
    at Object.throw (F:\egg-koa-compared\egg\node_modules\koa\lib\context.js:97:11)
    at ReadService.render (F:\egg-koa-compared\egg\app\service\read.js:12:27)
    at HomeController.index (F:\egg-koa-compared\egg\app\controller\home.js:6:53)
    at Object.callFn (F:\egg-koa-compared\egg\node_modules\egg-core\lib\utils\index.js:44:21)
    at Object.classControllerMiddleware (F:\egg-koa-compared\egg\node_modules\egg-core\lib\loader\mixin\controller.js:87:20)
    at Object.callFn (F:\egg-koa-compared\egg\node_modules\@eggjs\router\lib\utils.js:12:21)
    at wrappedController (F:\egg-koa-compared\egg\node_modules\@eggjs\router\lib\egg_router.js:322:18)
    at dispatch (F:\egg-koa-compared\egg\node_modules\koa-compose\index.js:44:32)
    at next (F:\egg-koa-compared\egg\node_modules\koa-compose\index.js:45:18)
    at F:\egg-koa-compared\egg\node_modules\@eggjs\router\lib\router.js:190:18
message: "Internal Server Error"
pid: 26364
hostname: denislin-PC0

2019-08-27 21:20:47,595 ERROR 26228 [-/127.0.0.1/-/6ms GET /?size=50] nodejs.Error: template not found: 50.nj
    at createTemplate (F:\egg-koa-compared\egg\node_modules\nunjucks\src\environment.js:290:15)
    at next (F:\egg-koa-compared\egg\node_modules\nunjucks\src\lib.js:282:7)
    at handle (F:\egg-koa-compared\egg\node_modules\nunjucks\src\environment.js:329:11)
    at F:\egg-koa-compared\egg\node_modules\nunjucks\src\environment.js:339:9
    at next (F:\egg-koa-compared\egg\node_modules\nunjucks\src\lib.js:280:7)
    at Object.asyncIter (F:\egg-koa-compared\egg\node_modules\nunjucks\src\lib.js:286:3)
    at Environment.getTemplate (F:\egg-koa-compared\egg\node_modules\nunjucks\src\environment.js:321:9)
    at Environment.render (F:\egg-koa-compared\egg\node_modules\nunjucks\src\environment.js:360:10)
    at Object.render (F:\egg-koa-compared\egg\node_modules\nunjucks\index.js:92:14)
    at HomeController.index (F:\egg-koa-compared\egg\app\controller\home.js:7:40)

pid: 26228
hostname: denislin-PC0

2019-08-27 21:21:19,543 ERROR 16364 [-/127.0.0.1/-/8ms GET /?size=50] nodejs.Error: template not found: 50.nj
    at createTemplate (F:\egg-koa-compared\egg\node_modules\nunjucks\src\environment.js:290:15)
    at next (F:\egg-koa-compared\egg\node_modules\nunjucks\src\lib.js:282:7)
    at handle (F:\egg-koa-compared\egg\node_modules\nunjucks\src\environment.js:329:11)
    at F:\egg-koa-compared\egg\node_modules\nunjucks\src\environment.js:339:9
    at next (F:\egg-koa-compared\egg\node_modules\nunjucks\src\lib.js:280:7)
    at Object.asyncIter (F:\egg-koa-compared\egg\node_modules\nunjucks\src\lib.js:286:3)
    at Environment.getTemplate (F:\egg-koa-compared\egg\node_modules\nunjucks\src\environment.js:321:9)
    at Environment.render (F:\egg-koa-compared\egg\node_modules\nunjucks\src\environment.js:360:10)
    at Object.render (F:\egg-koa-compared\egg\node_modules\nunjucks\index.js:92:14)
    at HomeController.index (F:\egg-koa-compared\egg\app\controller\home.js:7:40)

pid: 16364
hostname: denislin-PC0

2019-08-27 21:21:59,471 ERROR 17904 [-/127.0.0.1/-/7ms GET /?size=50] nodejs.Error: template not found: 50.nj
    at createTemplate (F:\egg-koa-compared\egg\node_modules\nunjucks\src\environment.js:290:15)
    at next (F:\egg-koa-compared\egg\node_modules\nunjucks\src\lib.js:282:7)
    at handle (F:\egg-koa-compared\egg\node_modules\nunjucks\src\environment.js:329:11)
    at F:\egg-koa-compared\egg\node_modules\nunjucks\src\environment.js:339:9
    at next (F:\egg-koa-compared\egg\node_modules\nunjucks\src\lib.js:280:7)
    at Object.asyncIter (F:\egg-koa-compared\egg\node_modules\nunjucks\src\lib.js:286:3)
    at Environment.getTemplate (F:\egg-koa-compared\egg\node_modules\nunjucks\src\environment.js:321:9)
    at Environment.render (F:\egg-koa-compared\egg\node_modules\nunjucks\src\environment.js:360:10)
    at Object.render (F:\egg-koa-compared\egg\node_modules\nunjucks\index.js:92:14)
    at HomeController.index (F:\egg-koa-compared\egg\app\controller\home.js:7:40)

pid: 17904
hostname: denislin-PC0

2019-08-27 21:22:24,660 ERROR 16888 [-/127.0.0.1/-/7ms GET /?size=50] nodejs.Error: template not found: 50.nj
    at createTemplate (F:\egg-koa-compared\egg\node_modules\nunjucks\src\environment.js:290:15)
    at next (F:\egg-koa-compared\egg\node_modules\nunjucks\src\lib.js:282:7)
    at handle (F:\egg-koa-compared\egg\node_modules\nunjucks\src\environment.js:329:11)
    at F:\egg-koa-compared\egg\node_modules\nunjucks\src\environment.js:339:9
    at next (F:\egg-koa-compared\egg\node_modules\nunjucks\src\lib.js:280:7)
    at Object.asyncIter (F:\egg-koa-compared\egg\node_modules\nunjucks\src\lib.js:286:3)
    at Environment.getTemplate (F:\egg-koa-compared\egg\node_modules\nunjucks\src\environment.js:321:9)
    at Environment.render (F:\egg-koa-compared\egg\node_modules\nunjucks\src\environment.js:360:10)
    at Object.render (F:\egg-koa-compared\egg\node_modules\nunjucks\index.js:92:14)
    at HomeController.index (F:\egg-koa-compared\egg\app\controller\home.js:7:40)

pid: 16888
hostname: denislin-PC0

2019-08-27 21:23:28,910 ERROR 16560 [-/127.0.0.1/-/6ms GET /?size=50] nodejs.Error: template not found: 50
    at createTemplate (F:\egg-koa-compared\egg\node_modules\nunjucks\src\environment.js:290:15)
    at next (F:\egg-koa-compared\egg\node_modules\nunjucks\src\lib.js:282:7)
    at handle (F:\egg-koa-compared\egg\node_modules\nunjucks\src\environment.js:329:11)
    at F:\egg-koa-compared\egg\node_modules\nunjucks\src\environment.js:339:9
    at next (F:\egg-koa-compared\egg\node_modules\nunjucks\src\lib.js:280:7)
    at Object.asyncIter (F:\egg-koa-compared\egg\node_modules\nunjucks\src\lib.js:286:3)
    at Environment.getTemplate (F:\egg-koa-compared\egg\node_modules\nunjucks\src\environment.js:321:9)
    at Environment.render (F:\egg-koa-compared\egg\node_modules\nunjucks\src\environment.js:360:10)
    at Object.render (F:\egg-koa-compared\egg\node_modules\nunjucks\index.js:92:14)
    at HomeController.index (F:\egg-koa-compared\egg\app\controller\home.js:7:40)

pid: 16560
hostname: denislin-PC0

2019-08-27 21:23:50,115 ERROR 15992 [-/127.0.0.1/-/9ms GET /?size=50] nodejs.Error: template not found: 50.nj
    at createTemplate (F:\egg-koa-compared\egg\node_modules\nunjucks\src\environment.js:290:15)
    at next (F:\egg-koa-compared\egg\node_modules\nunjucks\src\lib.js:282:7)
    at handle (F:\egg-koa-compared\egg\node_modules\nunjucks\src\environment.js:329:11)
    at F:\egg-koa-compared\egg\node_modules\nunjucks\src\environment.js:339:9
    at next (F:\egg-koa-compared\egg\node_modules\nunjucks\src\lib.js:280:7)
    at Object.asyncIter (F:\egg-koa-compared\egg\node_modules\nunjucks\src\lib.js:286:3)
    at Environment.getTemplate (F:\egg-koa-compared\egg\node_modules\nunjucks\src\environment.js:321:9)
    at Environment.render (F:\egg-koa-compared\egg\node_modules\nunjucks\src\environment.js:360:10)
    at Object.render (F:\egg-koa-compared\egg\node_modules\nunjucks\index.js:92:14)
    at HomeController.index (F:\egg-koa-compared\egg\app\controller\home.js:7:40)

pid: 15992
hostname: denislin-PC0

2019-08-27 21:30:43,606 ERROR 26604 [-/127.0.0.1/-/8ms GET /?size=50] nodejs.InternalServerError: Internal Server Error
    at Object.throw (F:\egg-koa-compared\egg\node_modules\koa\lib\context.js:97:11)
    at ReadService.render (F:\egg-koa-compared\egg\app\service\read.js:10:27)
    at HomeController.index (F:\egg-koa-compared\egg\app\controller\home.js:7:53)
    at Object.callFn (F:\egg-koa-compared\egg\node_modules\egg-core\lib\utils\index.js:44:21)
    at Object.classControllerMiddleware (F:\egg-koa-compared\egg\node_modules\egg-core\lib\loader\mixin\controller.js:87:20)
    at Object.callFn (F:\egg-koa-compared\egg\node_modules\@eggjs\router\lib\utils.js:12:21)
    at wrappedController (F:\egg-koa-compared\egg\node_modules\@eggjs\router\lib\egg_router.js:322:18)
    at dispatch (F:\egg-koa-compared\egg\node_modules\koa-compose\index.js:44:32)
    at next (F:\egg-koa-compared\egg\node_modules\koa-compose\index.js:45:18)
    at F:\egg-koa-compared\egg\node_modules\@eggjs\router\lib\router.js:190:18
message: "Internal Server Error"
pid: 26604
hostname: denislin-PC0

2019-08-27 21:31:01,828 ERROR 26508 [-/127.0.0.1/-/57ms GET /?size=50] nodejs.InternalServerError: Internal Server Error
    at Object.throw (F:\egg-koa-compared\egg\node_modules\koa\lib\context.js:97:11)
    at ReadService.render (F:\egg-koa-compared\egg\app\service\read.js:11:27)
    at HomeController.index (F:\egg-koa-compared\egg\app\controller\home.js:7:53)
    at Object.callFn (F:\egg-koa-compared\egg\node_modules\egg-core\lib\utils\index.js:44:21)
    at Object.classControllerMiddleware (F:\egg-koa-compared\egg\node_modules\egg-core\lib\loader\mixin\controller.js:87:20)
    at Object.callFn (F:\egg-koa-compared\egg\node_modules\@eggjs\router\lib\utils.js:12:21)
    at wrappedController (F:\egg-koa-compared\egg\node_modules\@eggjs\router\lib\egg_router.js:322:18)
    at dispatch (F:\egg-koa-compared\egg\node_modules\koa-compose\index.js:44:32)
    at next (F:\egg-koa-compared\egg\node_modules\koa-compose\index.js:45:18)
    at F:\egg-koa-compared\egg\node_modules\@eggjs\router\lib\router.js:190:18
message: "Internal Server Error"
pid: 26508
hostname: denislin-PC0

2019-08-27 21:31:53,417 ERROR 9064 [-/127.0.0.1/-/85ms GET /?size=50] nodejs.InternalServerError: Internal Server Error
    at Object.throw (F:\egg-koa-compared\egg\node_modules\koa\lib\context.js:97:11)
    at ReadService.render (F:\egg-koa-compared\egg\app\service\read.js:11:27)
    at HomeController.index (F:\egg-koa-compared\egg\app\controller\home.js:7:53)
    at Object.callFn (F:\egg-koa-compared\egg\node_modules\egg-core\lib\utils\index.js:44:21)
    at Object.classControllerMiddleware (F:\egg-koa-compared\egg\node_modules\egg-core\lib\loader\mixin\controller.js:87:20)
    at Object.callFn (F:\egg-koa-compared\egg\node_modules\@eggjs\router\lib\utils.js:12:21)
    at wrappedController (F:\egg-koa-compared\egg\node_modules\@eggjs\router\lib\egg_router.js:322:18)
    at dispatch (F:\egg-koa-compared\egg\node_modules\koa-compose\index.js:44:32)
    at next (F:\egg-koa-compared\egg\node_modules\koa-compose\index.js:45:18)
    at F:\egg-koa-compared\egg\node_modules\@eggjs\router\lib\router.js:190:18
message: "Internal Server Error"
pid: 9064
hostname: denislin-PC0

2019-08-27 21:32:12,450 ERROR 7628 [-/127.0.0.1/-/10ms GET /?size=50] nodejs.InternalServerError: Internal Server Error
    at Object.throw (F:\egg-koa-compared\egg\node_modules\koa\lib\context.js:97:11)
    at ReadService.render (F:\egg-koa-compared\egg\app\service\read.js:10:27)
    at HomeController.index (F:\egg-koa-compared\egg\app\controller\home.js:7:53)
    at Object.callFn (F:\egg-koa-compared\egg\node_modules\egg-core\lib\utils\index.js:44:21)
    at Object.classControllerMiddleware (F:\egg-koa-compared\egg\node_modules\egg-core\lib\loader\mixin\controller.js:87:20)
    at Object.callFn (F:\egg-koa-compared\egg\node_modules\@eggjs\router\lib\utils.js:12:21)
    at wrappedController (F:\egg-koa-compared\egg\node_modules\@eggjs\router\lib\egg_router.js:322:18)
    at dispatch (F:\egg-koa-compared\egg\node_modules\koa-compose\index.js:44:32)
    at next (F:\egg-koa-compared\egg\node_modules\koa-compose\index.js:45:18)
    at F:\egg-koa-compared\egg\node_modules\@eggjs\router\lib\router.js:190:18
message: "Internal Server Error"
pid: 7628
hostname: denislin-PC0

2019-08-27 21:32:54,044 ERROR 7968 [-/127.0.0.1/-/9ms GET /?size=50] nodejs.InternalServerError: Internal Server Error
    at Object.throw (F:\egg-koa-compared\egg\node_modules\koa\lib\context.js:97:11)
    at ReadService.render (F:\egg-koa-compared\egg\app\service\read.js:10:27)
    at HomeController.index (F:\egg-koa-compared\egg\app\controller\home.js:7:53)
    at Object.callFn (F:\egg-koa-compared\egg\node_modules\egg-core\lib\utils\index.js:44:21)
    at Object.classControllerMiddleware (F:\egg-koa-compared\egg\node_modules\egg-core\lib\loader\mixin\controller.js:87:20)
    at Object.callFn (F:\egg-koa-compared\egg\node_modules\@eggjs\router\lib\utils.js:12:21)
    at wrappedController (F:\egg-koa-compared\egg\node_modules\@eggjs\router\lib\egg_router.js:322:18)
    at dispatch (F:\egg-koa-compared\egg\node_modules\koa-compose\index.js:44:32)
    at next (F:\egg-koa-compared\egg\node_modules\koa-compose\index.js:45:18)
    at F:\egg-koa-compared\egg\node_modules\@eggjs\router\lib\router.js:190:18
message: "Internal Server Error"
pid: 7968
hostname: denislin-PC0

2019-08-27 21:33:42,936 ERROR 25892 [-/127.0.0.1/-/12ms GET /?size=50] nodejs.InternalServerError: Internal Server Error
    at Object.throw (F:\egg-koa-compared\egg\node_modules\koa\lib\context.js:97:11)
    at ReadService.render (F:\egg-koa-compared\egg\app\service\read.js:11:27)
    at HomeController.index (F:\egg-koa-compared\egg\app\controller\home.js:7:53)
    at Object.callFn (F:\egg-koa-compared\egg\node_modules\egg-core\lib\utils\index.js:44:21)
    at Object.classControllerMiddleware (F:\egg-koa-compared\egg\node_modules\egg-core\lib\loader\mixin\controller.js:87:20)
    at Object.callFn (F:\egg-koa-compared\egg\node_modules\@eggjs\router\lib\utils.js:12:21)
    at wrappedController (F:\egg-koa-compared\egg\node_modules\@eggjs\router\lib\egg_router.js:322:18)
    at dispatch (F:\egg-koa-compared\egg\node_modules\koa-compose\index.js:44:32)
    at next (F:\egg-koa-compared\egg\node_modules\koa-compose\index.js:45:18)
    at F:\egg-koa-compared\egg\node_modules\@eggjs\router\lib\router.js:190:18
message: "Internal Server Error"
pid: 25892
hostname: denislin-PC0

2019-08-27 21:34:09,221 ERROR 19816 [-/127.0.0.1/-/10ms GET /?size=50] nodejs.InternalServerError: Internal Server Error
    at Object.throw (F:\egg-koa-compared\egg\node_modules\koa\lib\context.js:97:11)
    at ReadService.render (F:\egg-koa-compared\egg\app\service\read.js:10:27)
    at HomeController.index (F:\egg-koa-compared\egg\app\controller\home.js:7:53)
    at Object.callFn (F:\egg-koa-compared\egg\node_modules\egg-core\lib\utils\index.js:44:21)
    at Object.classControllerMiddleware (F:\egg-koa-compared\egg\node_modules\egg-core\lib\loader\mixin\controller.js:87:20)
    at Object.callFn (F:\egg-koa-compared\egg\node_modules\@eggjs\router\lib\utils.js:12:21)
    at wrappedController (F:\egg-koa-compared\egg\node_modules\@eggjs\router\lib\egg_router.js:322:18)
    at dispatch (F:\egg-koa-compared\egg\node_modules\koa-compose\index.js:44:32)
    at next (F:\egg-koa-compared\egg\node_modules\koa-compose\index.js:45:18)
    at F:\egg-koa-compared\egg\node_modules\@eggjs\router\lib\router.js:190:18
message: "Internal Server Error"
pid: 19816
hostname: denislin-PC0

2019-08-27 21:35:02,939 ERROR 24180 [-/127.0.0.1/-/2ms GET /?size=50] nodejs.InternalServerError: Internal Server Error
    at Object.throw (F:\egg-koa-compared\egg\node_modules\koa\lib\context.js:97:11)
    at ReadService.render (F:\egg-koa-compared\egg\app\service\read.js:10:27)
    at HomeController.index (F:\egg-koa-compared\egg\app\controller\home.js:7:53)
    at Object.callFn (F:\egg-koa-compared\egg\node_modules\egg-core\lib\utils\index.js:44:21)
    at Object.classControllerMiddleware (F:\egg-koa-compared\egg\node_modules\egg-core\lib\loader\mixin\controller.js:87:20)
    at Object.callFn (F:\egg-koa-compared\egg\node_modules\@eggjs\router\lib\utils.js:12:21)
    at wrappedController (F:\egg-koa-compared\egg\node_modules\@eggjs\router\lib\egg_router.js:322:18)
    at dispatch (F:\egg-koa-compared\egg\node_modules\koa-compose\index.js:44:32)
    at next (F:\egg-koa-compared\egg\node_modules\koa-compose\index.js:45:18)
    at F:\egg-koa-compared\egg\node_modules\@eggjs\router\lib\router.js:190:18
message: "Internal Server Error"
pid: 24180
hostname: denislin-PC0

2019-08-27 21:45:47,849 ERROR 27204 [-/127.0.0.1/-/9ms GET /?size=50] nodejs.ReferenceError: Must call super constructor in derived class before accessing 'this' or returning from derived constructor
    at new HomeController (F:\egg-koa-compared\egg\app\controller\home.js:5:9)
    at Object.classControllerMiddleware (F:\egg-koa-compared\egg\node_modules\egg-core\lib\loader\mixin\controller.js:83:26)
    at Object.callFn (F:\egg-koa-compared\egg\node_modules\@eggjs\router\lib\utils.js:12:21)
    at wrappedController (F:\egg-koa-compared\egg\node_modules\@eggjs\router\lib\egg_router.js:322:18)
    at dispatch (F:\egg-koa-compared\egg\node_modules\koa-compose\index.js:44:32)
    at next (F:\egg-koa-compared\egg\node_modules\koa-compose\index.js:45:18)
    at F:\egg-koa-compared\egg\node_modules\@eggjs\router\lib\router.js:190:18
    at dispatch (F:\egg-koa-compared\egg\node_modules\koa-compose\index.js:44:32)
    at F:\egg-koa-compared\egg\node_modules\koa-compose\index.js:36:12
    at dispatch (F:\egg-koa-compared\egg\node_modules\@eggjs\router\lib\router.js:195:33)

pid: 27204
hostname: denislin-PC0

